[0m23:10:46.512365 [debug] [MainThread]: Sending event: {'category': 'dbt', 'action': 'invocation', 'label': 'start', 'context': [<snowplow_tracker.self_describing_json.SelfDescribingJson object at 0x109cb08c0>, <snowplow_tracker.self_describing_json.SelfDescribingJson object at 0x10a651f10>, <snowplow_tracker.self_describing_json.SelfDescribingJson object at 0x10a651ca0>]}


============================== 23:10:46.519441 | 2ca72852-933b-4717-83ad-7cc44caeaefa ==============================
[0m23:10:46.519441 [info ] [MainThread]: Running with dbt=1.8.1
[0m23:10:46.520263 [debug] [MainThread]: running dbt with arguments {'printer_width': '80', 'indirect_selection': 'eager', 'write_json': 'True', 'log_cache_events': 'False', 'partial_parse': 'True', 'cache_selected_only': 'False', 'warn_error': 'None', 'version_check': 'True', 'profiles_dir': '/Users/evanbaisden/.dbt', 'log_path': 'logs', 'debug': 'False', 'fail_fast': 'False', 'use_colors': 'True', 'use_experimental_parser': 'False', 'no_print': 'None', 'quiet': 'False', 'warn_error_options': 'WarnErrorOptions(include=[], exclude=[])', 'static_parser': 'True', 'invocation_command': 'dbt init my_dbt_project', 'introspect': 'True', 'target_path': 'None', 'log_format': 'default', 'send_anonymous_usage_stats': 'True'}
[0m23:10:46.549194 [debug] [MainThread]: Starter project path: /Library/Frameworks/Python.framework/Versions/3.12/lib/python3.12/site-packages/dbt/include/starter_project
[0m23:10:46.566372 [info ] [MainThread]: 
Your new dbt project "my_dbt_project" was created!

For more information on how to configure the profiles.yml file,
please consult the dbt documentation here:

  https://docs.getdbt.com/docs/configure-your-profile

One more thing:

Need help? Don't hesitate to reach out to us via GitHub issues or on Slack:

  https://community.getdbt.com/

Happy modeling!

[0m23:10:46.567316 [info ] [MainThread]: Setting up your profile.
[0m23:11:33.444379 [info ] [MainThread]: Profile my_dbt_project written to /Users/evanbaisden/.dbt/profiles.yml using target's profile_template.yml and your supplied values. Run 'dbt debug' to validate the connection.
[0m23:11:33.451987 [debug] [MainThread]: Resource report: {"command_name": "init", "command_success": true, "command_wall_clock_time": 47.019363, "process_user_time": 1.916423, "process_kernel_time": 0.494779, "process_mem_max_rss": "87912448", "process_in_blocks": "0", "process_out_blocks": "0"}
[0m23:11:33.453325 [debug] [MainThread]: Command `dbt init` succeeded at 23:11:33.453068 after 47.02 seconds
[0m23:11:33.454306 [debug] [MainThread]: Sending event: {'category': 'dbt', 'action': 'invocation', 'label': 'end', 'context': [<snowplow_tracker.self_describing_json.SelfDescribingJson object at 0x10a651df0>, <snowplow_tracker.self_describing_json.SelfDescribingJson object at 0x10a4e60f0>, <snowplow_tracker.self_describing_json.SelfDescribingJson object at 0x10a115700>]}
[0m23:11:33.455166 [debug] [MainThread]: Flushing usage events
[0m23:11:56.228651 [debug] [MainThread]: Sending event: {'category': 'dbt', 'action': 'invocation', 'label': 'start', 'context': [<snowplow_tracker.self_describing_json.SelfDescribingJson object at 0x103af3800>, <snowplow_tracker.self_describing_json.SelfDescribingJson object at 0x10408df70>, <snowplow_tracker.self_describing_json.SelfDescribingJson object at 0x10408dd30>]}


============================== 23:11:56.233447 | 9ec9b8d7-99da-4b12-8834-a093d58f6e12 ==============================
[0m23:11:56.233447 [info ] [MainThread]: Running with dbt=1.8.1
[0m23:11:56.234139 [debug] [MainThread]: running dbt with arguments {'printer_width': '80', 'indirect_selection': 'eager', 'write_json': 'True', 'log_cache_events': 'False', 'partial_parse': 'True', 'cache_selected_only': 'False', 'warn_error': 'None', 'fail_fast': 'False', 'version_check': 'True', 'log_path': 'logs', 'profiles_dir': '/Users/evanbaisden/.dbt', 'debug': 'False', 'use_colors': 'True', 'use_experimental_parser': 'False', 'no_print': 'None', 'quiet': 'False', 'log_format': 'default', 'invocation_command': 'dbt debug', 'static_parser': 'True', 'introspect': 'True', 'target_path': 'None', 'warn_error_options': 'WarnErrorOptions(include=[], exclude=[])', 'send_anonymous_usage_stats': 'True'}
[0m23:11:56.259935 [info ] [MainThread]: dbt version: 1.8.1
[0m23:11:56.260476 [info ] [MainThread]: python version: 3.12.3
[0m23:11:56.260901 [info ] [MainThread]: python path: /Library/Frameworks/Python.framework/Versions/3.12/bin/python3.12
[0m23:11:56.261303 [info ] [MainThread]: os info: macOS-13.6.7-x86_64-i386-64bit
[0m23:11:56.388128 [info ] [MainThread]: Using profiles dir at /Users/evanbaisden/.dbt
[0m23:11:56.388791 [info ] [MainThread]: Using profiles.yml file at /Users/evanbaisden/.dbt/profiles.yml
[0m23:11:56.389351 [info ] [MainThread]: Using dbt_project.yml file at /Users/evanbaisden/Documents/GitHub/numberone/my_dbt_project/dbt_project.yml
[0m23:11:56.389900 [error] [MainThread]: Encountered an error:
Internal Error
  Profile should not be None if loading profile completed
[0m23:11:56.391509 [debug] [MainThread]: Resource report: {"command_name": "debug", "command_wall_clock_time": 0.23137042, "process_user_time": 1.571097, "process_kernel_time": 0.21547, "process_mem_max_rss": "88100864", "command_success": false, "process_in_blocks": "0", "process_out_blocks": "0"}
[0m23:11:56.392225 [debug] [MainThread]: Command `dbt debug` failed at 23:11:56.392077 after 0.23 seconds
[0m23:11:56.392688 [debug] [MainThread]: Sending event: {'category': 'dbt', 'action': 'invocation', 'label': 'end', 'context': [<snowplow_tracker.self_describing_json.SelfDescribingJson object at 0x10408d760>, <snowplow_tracker.self_describing_json.SelfDescribingJson object at 0x10408dfd0>, <snowplow_tracker.self_describing_json.SelfDescribingJson object at 0x10408db20>]}
[0m23:11:56.393171 [debug] [MainThread]: Flushing usage events
[0m23:13:13.343298 [debug] [MainThread]: Sending event: {'category': 'dbt', 'action': 'invocation', 'label': 'start', 'context': [<snowplow_tracker.self_describing_json.SelfDescribingJson object at 0x10f7d7560>, <snowplow_tracker.self_describing_json.SelfDescribingJson object at 0x11024de50>, <snowplow_tracker.self_describing_json.SelfDescribingJson object at 0x11024dc10>]}


============================== 23:13:13.348723 | 658f73de-3d93-4f9e-a83c-962295861240 ==============================
[0m23:13:13.348723 [info ] [MainThread]: Running with dbt=1.8.1
[0m23:13:13.349430 [debug] [MainThread]: running dbt with arguments {'printer_width': '80', 'indirect_selection': 'eager', 'log_cache_events': 'False', 'write_json': 'True', 'partial_parse': 'True', 'cache_selected_only': 'False', 'profiles_dir': '/Users/evanbaisden/.dbt', 'debug': 'False', 'version_check': 'True', 'log_path': 'logs', 'fail_fast': 'False', 'warn_error': 'None', 'use_colors': 'True', 'use_experimental_parser': 'False', 'no_print': 'None', 'quiet': 'False', 'log_format': 'default', 'invocation_command': 'dbt debug', 'warn_error_options': 'WarnErrorOptions(include=[], exclude=[])', 'static_parser': 'True', 'target_path': 'None', 'introspect': 'True', 'send_anonymous_usage_stats': 'True'}
[0m23:13:13.364031 [info ] [MainThread]: dbt version: 1.8.1
[0m23:13:13.364938 [info ] [MainThread]: python version: 3.12.3
[0m23:13:13.365469 [info ] [MainThread]: python path: /Library/Frameworks/Python.framework/Versions/3.12/bin/python3.12
[0m23:13:13.365974 [info ] [MainThread]: os info: macOS-13.6.7-x86_64-i386-64bit
[0m23:13:13.494845 [info ] [MainThread]: Using profiles dir at /Users/evanbaisden/.dbt
[0m23:13:13.495579 [info ] [MainThread]: Using profiles.yml file at /Users/evanbaisden/.dbt/profiles.yml
[0m23:13:13.496084 [info ] [MainThread]: Using dbt_project.yml file at /Users/evanbaisden/Documents/GitHub/numberone/my_dbt_project/dbt_project.yml
[0m23:13:13.496669 [error] [MainThread]: Encountered an error:
Internal Error
  Profile should not be None if loading profile completed
[0m23:13:13.498403 [debug] [MainThread]: Resource report: {"command_name": "debug", "command_wall_clock_time": 0.23819967, "process_user_time": 1.580889, "process_kernel_time": 0.216016, "process_mem_max_rss": "88231936", "command_success": false, "process_in_blocks": "0", "process_out_blocks": "0"}
[0m23:13:13.499159 [debug] [MainThread]: Command `dbt debug` failed at 23:13:13.499019 after 0.24 seconds
[0m23:13:13.499649 [debug] [MainThread]: Sending event: {'category': 'dbt', 'action': 'invocation', 'label': 'end', 'context': [<snowplow_tracker.self_describing_json.SelfDescribingJson object at 0x11024dcd0>, <snowplow_tracker.self_describing_json.SelfDescribingJson object at 0x110775790>, <snowplow_tracker.self_describing_json.SelfDescribingJson object at 0x110226d50>]}
[0m23:13:13.500144 [debug] [MainThread]: Flushing usage events
[0m23:16:15.209953 [debug] [MainThread]: Sending event: {'category': 'dbt', 'action': 'invocation', 'label': 'start', 'context': [<snowplow_tracker.self_describing_json.SelfDescribingJson object at 0x1057a5be0>, <snowplow_tracker.self_describing_json.SelfDescribingJson object at 0x1058c6000>, <snowplow_tracker.self_describing_json.SelfDescribingJson object at 0x1058c5d60>]}


============================== 23:16:15.215500 | dfa06090-e031-4ec8-9c64-acf8675087e8 ==============================
[0m23:16:15.215500 [info ] [MainThread]: Running with dbt=1.8.1
[0m23:16:15.216248 [debug] [MainThread]: running dbt with arguments {'printer_width': '80', 'indirect_selection': 'eager', 'log_cache_events': 'False', 'write_json': 'True', 'partial_parse': 'True', 'cache_selected_only': 'False', 'warn_error': 'None', 'version_check': 'True', 'debug': 'False', 'log_path': 'logs', 'profiles_dir': '/Users/evanbaisden/.dbt', 'fail_fast': 'False', 'use_colors': 'True', 'use_experimental_parser': 'False', 'no_print': 'None', 'quiet': 'False', 'warn_error_options': 'WarnErrorOptions(include=[], exclude=[])', 'static_parser': 'True', 'invocation_command': 'dbt debug', 'log_format': 'default', 'target_path': 'None', 'introspect': 'True', 'send_anonymous_usage_stats': 'True'}
[0m23:16:15.234556 [info ] [MainThread]: dbt version: 1.8.1
[0m23:16:15.235092 [info ] [MainThread]: python version: 3.12.3
[0m23:16:15.235501 [info ] [MainThread]: python path: /Library/Frameworks/Python.framework/Versions/3.12/bin/python3.12
[0m23:16:15.235891 [info ] [MainThread]: os info: macOS-13.6.7-x86_64-i386-64bit
[0m23:16:15.357166 [info ] [MainThread]: Using profiles dir at /Users/evanbaisden/.dbt
[0m23:16:15.357818 [info ] [MainThread]: Using profiles.yml file at /Users/evanbaisden/.dbt/profiles.yml
[0m23:16:15.358312 [info ] [MainThread]: Using dbt_project.yml file at /Users/evanbaisden/Documents/GitHub/numberone/my_dbt_project/dbt_project.yml
[0m23:16:15.364792 [info ] [MainThread]: adapter type: postgres
[0m23:16:15.365771 [info ] [MainThread]: adapter version: 1.8.1
[0m23:16:15.366895 [info ] [MainThread]: Configuration:
[0m23:16:15.367526 [info ] [MainThread]:   profiles.yml file [[32mOK found and valid[0m]
[0m23:16:15.368133 [info ] [MainThread]:   dbt_project.yml file [[31mERROR not found[0m]
[0m23:16:15.368794 [info ] [MainThread]: Required dependencies:
[0m23:16:15.369465 [debug] [MainThread]: Executing "git --help"
[0m23:16:15.400653 [debug] [MainThread]: STDOUT: "b"usage: git [-v | --version] [-h | --help] [-C <path>] [-c <name>=<value>]\n           [--exec-path[=<path>]] [--html-path] [--man-path] [--info-path]\n           [-p | --paginate | -P | --no-pager] [--no-replace-objects] [--bare]\n           [--git-dir=<path>] [--work-tree=<path>] [--namespace=<name>]\n           [--super-prefix=<path>] [--config-env=<name>=<envvar>]\n           <command> [<args>]\n\nThese are common Git commands used in various situations:\n\nstart a working area (see also: git help tutorial)\n   clone     Clone a repository into a new directory\n   init      Create an empty Git repository or reinitialize an existing one\n\nwork on the current change (see also: git help everyday)\n   add       Add file contents to the index\n   mv        Move or rename a file, a directory, or a symlink\n   restore   Restore working tree files\n   rm        Remove files from the working tree and from the index\n\nexamine the history and state (see also: git help revisions)\n   bisect    Use binary search to find the commit that introduced a bug\n   diff      Show changes between commits, commit and working tree, etc\n   grep      Print lines matching a pattern\n   log       Show commit logs\n   show      Show various types of objects\n   status    Show the working tree status\n\ngrow, mark and tweak your common history\n   branch    List, create, or delete branches\n   commit    Record changes to the repository\n   merge     Join two or more development histories together\n   rebase    Reapply commits on top of another base tip\n   reset     Reset current HEAD to the specified state\n   switch    Switch branches\n   tag       Create, list, delete or verify a tag object signed with GPG\n\ncollaborate (see also: git help workflows)\n   fetch     Download objects and refs from another repository\n   pull      Fetch from and integrate with another repository or a local branch\n   push      Update remote refs along with associated objects\n\n'git help -a' and 'git help -g' list available subcommands and some\nconcept guides. See 'git help <command>' or 'git help <concept>'\nto read about a specific subcommand or concept.\nSee 'git help git' for an overview of the system.\n""
[0m23:16:15.402421 [debug] [MainThread]: STDERR: "b''"
[0m23:16:15.404903 [info ] [MainThread]:  - git [[32mOK found[0m]

[0m23:16:15.405746 [info ] [MainThread]: Connection:
[0m23:16:15.406286 [info ] [MainThread]:   host: localhost
[0m23:16:15.406863 [info ] [MainThread]:   port: 5432
[0m23:16:15.407375 [info ] [MainThread]:   user: postgres
[0m23:16:15.407806 [info ] [MainThread]:   database: my_dbt_project
[0m23:16:15.408186 [info ] [MainThread]:   schema: public
[0m23:16:15.408562 [info ] [MainThread]:   connect_timeout: 10
[0m23:16:15.408939 [info ] [MainThread]:   role: None
[0m23:16:15.409310 [info ] [MainThread]:   search_path: None
[0m23:16:15.409684 [info ] [MainThread]:   keepalives_idle: 0
[0m23:16:15.410060 [info ] [MainThread]:   sslmode: None
[0m23:16:15.410517 [info ] [MainThread]:   sslcert: None
[0m23:16:15.411226 [info ] [MainThread]:   sslkey: None
[0m23:16:15.412049 [info ] [MainThread]:   sslrootcert: None
[0m23:16:15.412449 [info ] [MainThread]:   application_name: dbt
[0m23:16:15.412818 [info ] [MainThread]:   retries: 1
[0m23:16:15.413642 [info ] [MainThread]: Registered adapter: postgres=1.8.1
[0m23:16:15.426295 [debug] [MainThread]: Acquiring new postgres connection 'debug'
[0m23:16:15.496263 [debug] [MainThread]: Using postgres connection "debug"
[0m23:16:15.496808 [debug] [MainThread]: On debug: select 1 as id
[0m23:16:15.497188 [debug] [MainThread]: Opening a new connection, currently in state init
[0m23:16:15.588843 [debug] [MainThread]: SQL status: SELECT 1 in 0.0 seconds
[0m23:16:15.590221 [debug] [MainThread]: On debug: Close
[0m23:16:15.590786 [info ] [MainThread]:   Connection test: [[32mOK connection ok[0m]

[0m23:16:15.591551 [info ] [MainThread]: [31m1 check failed:[0m
[0m23:16:15.592212 [info ] [MainThread]: Project loading failed for the following reason:
 project path </Users/evanbaisden/Documents/GitHub/numberone/my_dbt_project/dbt_project.yml> not found

[0m23:16:15.595654 [debug] [MainThread]: Resource report: {"command_name": "debug", "command_wall_clock_time": 0.4711293, "process_user_time": 1.675969, "process_kernel_time": 0.269997, "process_mem_max_rss": "95068160", "command_success": false, "process_in_blocks": "0", "process_out_blocks": "0"}
[0m23:16:15.596615 [debug] [MainThread]: Command `dbt debug` failed at 23:16:15.596458 after 0.47 seconds
[0m23:16:15.597174 [debug] [MainThread]: Connection 'debug' was properly closed.
[0m23:16:15.597700 [debug] [MainThread]: Sending event: {'category': 'dbt', 'action': 'invocation', 'label': 'end', 'context': [<snowplow_tracker.self_describing_json.SelfDescribingJson object at 0x104c08230>, <snowplow_tracker.self_describing_json.SelfDescribingJson object at 0x104d60fb0>, <snowplow_tracker.self_describing_json.SelfDescribingJson object at 0x105937aa0>]}
[0m23:16:15.600971 [debug] [MainThread]: Flushing usage events
[0m23:18:09.951583 [debug] [MainThread]: Sending event: {'category': 'dbt', 'action': 'invocation', 'label': 'start', 'context': [<snowplow_tracker.self_describing_json.SelfDescribingJson object at 0x10bf3ba40>, <snowplow_tracker.self_describing_json.SelfDescribingJson object at 0x10ca1e090>, <snowplow_tracker.self_describing_json.SelfDescribingJson object at 0x10ca1de20>]}


============================== 23:18:09.956465 | 78855ea0-7ed9-4f24-8ae8-0b1beb152ad3 ==============================
[0m23:18:09.956465 [info ] [MainThread]: Running with dbt=1.8.1
[0m23:18:09.957159 [debug] [MainThread]: running dbt with arguments {'printer_width': '80', 'indirect_selection': 'eager', 'log_cache_events': 'False', 'write_json': 'True', 'partial_parse': 'True', 'cache_selected_only': 'False', 'warn_error': 'None', 'fail_fast': 'False', 'debug': 'False', 'log_path': 'logs', 'version_check': 'True', 'profiles_dir': '/Users/evanbaisden/.dbt', 'use_colors': 'True', 'use_experimental_parser': 'False', 'no_print': 'None', 'quiet': 'False', 'warn_error_options': 'WarnErrorOptions(include=[], exclude=[])', 'invocation_command': 'dbt debug', 'log_format': 'default', 'introspect': 'True', 'target_path': 'None', 'static_parser': 'True', 'send_anonymous_usage_stats': 'True'}
[0m23:18:09.969111 [info ] [MainThread]: dbt version: 1.8.1
[0m23:18:09.969631 [info ] [MainThread]: python version: 3.12.3
[0m23:18:09.970049 [info ] [MainThread]: python path: /Library/Frameworks/Python.framework/Versions/3.12/bin/python3.12
[0m23:18:09.970479 [info ] [MainThread]: os info: macOS-13.6.7-x86_64-i386-64bit
[0m23:18:10.122650 [info ] [MainThread]: Using profiles dir at /Users/evanbaisden/.dbt
[0m23:18:10.123740 [info ] [MainThread]: Using profiles.yml file at /Users/evanbaisden/.dbt/profiles.yml
[0m23:18:10.124189 [info ] [MainThread]: Using dbt_project.yml file at /Users/evanbaisden/Documents/GitHub/numberone/my_dbt_project/dbt_project.yml
[0m23:18:10.124823 [info ] [MainThread]: adapter type: postgres
[0m23:18:10.125208 [info ] [MainThread]: adapter version: 1.8.1
[0m23:18:10.125601 [info ] [MainThread]: Configuration:
[0m23:18:10.125961 [info ] [MainThread]:   profiles.yml file [[32mOK found and valid[0m]
[0m23:18:10.126323 [info ] [MainThread]:   dbt_project.yml file [[31mERROR not found[0m]
[0m23:18:10.126683 [info ] [MainThread]: Required dependencies:
[0m23:18:10.127110 [debug] [MainThread]: Executing "git --help"
[0m23:18:10.166514 [debug] [MainThread]: STDOUT: "b"usage: git [-v | --version] [-h | --help] [-C <path>] [-c <name>=<value>]\n           [--exec-path[=<path>]] [--html-path] [--man-path] [--info-path]\n           [-p | --paginate | -P | --no-pager] [--no-replace-objects] [--bare]\n           [--git-dir=<path>] [--work-tree=<path>] [--namespace=<name>]\n           [--super-prefix=<path>] [--config-env=<name>=<envvar>]\n           <command> [<args>]\n\nThese are common Git commands used in various situations:\n\nstart a working area (see also: git help tutorial)\n   clone     Clone a repository into a new directory\n   init      Create an empty Git repository or reinitialize an existing one\n\nwork on the current change (see also: git help everyday)\n   add       Add file contents to the index\n   mv        Move or rename a file, a directory, or a symlink\n   restore   Restore working tree files\n   rm        Remove files from the working tree and from the index\n\nexamine the history and state (see also: git help revisions)\n   bisect    Use binary search to find the commit that introduced a bug\n   diff      Show changes between commits, commit and working tree, etc\n   grep      Print lines matching a pattern\n   log       Show commit logs\n   show      Show various types of objects\n   status    Show the working tree status\n\ngrow, mark and tweak your common history\n   branch    List, create, or delete branches\n   commit    Record changes to the repository\n   merge     Join two or more development histories together\n   rebase    Reapply commits on top of another base tip\n   reset     Reset current HEAD to the specified state\n   switch    Switch branches\n   tag       Create, list, delete or verify a tag object signed with GPG\n\ncollaborate (see also: git help workflows)\n   fetch     Download objects and refs from another repository\n   pull      Fetch from and integrate with another repository or a local branch\n   push      Update remote refs along with associated objects\n\n'git help -a' and 'git help -g' list available subcommands and some\nconcept guides. See 'git help <command>' or 'git help <concept>'\nto read about a specific subcommand or concept.\nSee 'git help git' for an overview of the system.\n""
[0m23:18:10.167734 [debug] [MainThread]: STDERR: "b''"
[0m23:18:10.168996 [info ] [MainThread]:  - git [[32mOK found[0m]

[0m23:18:10.169789 [info ] [MainThread]: Connection:
[0m23:18:10.170305 [info ] [MainThread]:   host: localhost
[0m23:18:10.170946 [info ] [MainThread]:   port: 5432
[0m23:18:10.171840 [info ] [MainThread]:   user: postgres
[0m23:18:10.172556 [info ] [MainThread]:   database: my_dbt_project
[0m23:18:10.172947 [info ] [MainThread]:   schema: public
[0m23:18:10.173542 [info ] [MainThread]:   connect_timeout: 10
[0m23:18:10.174413 [info ] [MainThread]:   role: None
[0m23:18:10.175017 [info ] [MainThread]:   search_path: None
[0m23:18:10.175535 [info ] [MainThread]:   keepalives_idle: 0
[0m23:18:10.175927 [info ] [MainThread]:   sslmode: None
[0m23:18:10.176364 [info ] [MainThread]:   sslcert: None
[0m23:18:10.178239 [info ] [MainThread]:   sslkey: None
[0m23:18:10.178814 [info ] [MainThread]:   sslrootcert: None
[0m23:18:10.179231 [info ] [MainThread]:   application_name: dbt
[0m23:18:10.180486 [info ] [MainThread]:   retries: 1
[0m23:18:10.181462 [info ] [MainThread]: Registered adapter: postgres=1.8.1
[0m23:18:10.186896 [debug] [MainThread]: Acquiring new postgres connection 'debug'
[0m23:18:10.257858 [debug] [MainThread]: Using postgres connection "debug"
[0m23:18:10.258380 [debug] [MainThread]: On debug: select 1 as id
[0m23:18:10.258766 [debug] [MainThread]: Opening a new connection, currently in state init
[0m23:18:10.318198 [debug] [MainThread]: SQL status: SELECT 1 in 0.0 seconds
[0m23:18:10.319477 [debug] [MainThread]: On debug: Close
[0m23:18:10.319962 [info ] [MainThread]:   Connection test: [[32mOK connection ok[0m]

[0m23:18:10.320654 [info ] [MainThread]: [31m1 check failed:[0m
[0m23:18:10.321251 [info ] [MainThread]: Project loading failed for the following reason:
 project path </Users/evanbaisden/Documents/GitHub/numberone/my_dbt_project/dbt_project.yml> not found

[0m23:18:10.325802 [debug] [MainThread]: Resource report: {"command_name": "debug", "command_wall_clock_time": 0.4444919, "process_user_time": 1.636637, "process_kernel_time": 0.247121, "process_mem_max_rss": "94859264", "command_success": false, "process_in_blocks": "0", "process_out_blocks": "0"}
[0m23:18:10.327218 [debug] [MainThread]: Command `dbt debug` failed at 23:18:10.326744 after 0.45 seconds
[0m23:18:10.328130 [debug] [MainThread]: Connection 'debug' was properly closed.
[0m23:18:10.328985 [debug] [MainThread]: Sending event: {'category': 'dbt', 'action': 'invocation', 'label': 'end', 'context': [<snowplow_tracker.self_describing_json.SelfDescribingJson object at 0x10c47e510>, <snowplow_tracker.self_describing_json.SelfDescribingJson object at 0x10bf3ba40>, <snowplow_tracker.self_describing_json.SelfDescribingJson object at 0x10ca8ddc0>]}
[0m23:18:10.329606 [debug] [MainThread]: Flushing usage events
[0m23:19:54.962012 [debug] [MainThread]: Sending event: {'category': 'dbt', 'action': 'invocation', 'label': 'start', 'context': [<snowplow_tracker.self_describing_json.SelfDescribingJson object at 0x10db0db20>, <snowplow_tracker.self_describing_json.SelfDescribingJson object at 0x10e0e1f70>, <snowplow_tracker.self_describing_json.SelfDescribingJson object at 0x10e0e1d00>]}


============================== 23:19:54.967350 | 375c19e4-b742-4fe5-a221-3ddefdc12cdf ==============================
[0m23:19:54.967350 [info ] [MainThread]: Running with dbt=1.8.1
[0m23:19:54.968081 [debug] [MainThread]: running dbt with arguments {'printer_width': '80', 'indirect_selection': 'eager', 'log_cache_events': 'False', 'write_json': 'True', 'partial_parse': 'True', 'cache_selected_only': 'False', 'profiles_dir': '/Users/evanbaisden/.dbt', 'fail_fast': 'False', 'warn_error': 'None', 'log_path': '/Users/evanbaisden/Documents/GitHub/numberone/my_dbt_project/logs', 'version_check': 'True', 'debug': 'False', 'use_colors': 'True', 'use_experimental_parser': 'False', 'no_print': 'None', 'quiet': 'False', 'log_format': 'default', 'introspect': 'True', 'invocation_command': 'dbt debug', 'static_parser': 'True', 'target_path': 'None', 'warn_error_options': 'WarnErrorOptions(include=[], exclude=[])', 'send_anonymous_usage_stats': 'True'}
[0m23:19:54.981851 [info ] [MainThread]: dbt version: 1.8.1
[0m23:19:54.982481 [info ] [MainThread]: python version: 3.12.3
[0m23:19:54.982949 [info ] [MainThread]: python path: /Library/Frameworks/Python.framework/Versions/3.12/bin/python3.12
[0m23:19:54.983398 [info ] [MainThread]: os info: macOS-13.6.7-x86_64-i386-64bit
[0m23:19:55.111917 [info ] [MainThread]: Using profiles dir at /Users/evanbaisden/.dbt
[0m23:19:55.112539 [info ] [MainThread]: Using profiles.yml file at /Users/evanbaisden/.dbt/profiles.yml
[0m23:19:55.113067 [info ] [MainThread]: Using dbt_project.yml file at /Users/evanbaisden/Documents/GitHub/numberone/my_dbt_project/dbt_project.yml
[0m23:19:55.113865 [info ] [MainThread]: adapter type: postgres
[0m23:19:55.114379 [info ] [MainThread]: adapter version: 1.8.1
[0m23:19:55.227358 [info ] [MainThread]: Configuration:
[0m23:19:55.228388 [info ] [MainThread]:   profiles.yml file [[32mOK found and valid[0m]
[0m23:19:55.229094 [info ] [MainThread]:   dbt_project.yml file [[32mOK found and valid[0m]
[0m23:19:55.229962 [info ] [MainThread]: Required dependencies:
[0m23:19:55.230788 [debug] [MainThread]: Executing "git --help"
[0m23:19:55.256302 [debug] [MainThread]: STDOUT: "b"usage: git [-v | --version] [-h | --help] [-C <path>] [-c <name>=<value>]\n           [--exec-path[=<path>]] [--html-path] [--man-path] [--info-path]\n           [-p | --paginate | -P | --no-pager] [--no-replace-objects] [--bare]\n           [--git-dir=<path>] [--work-tree=<path>] [--namespace=<name>]\n           [--super-prefix=<path>] [--config-env=<name>=<envvar>]\n           <command> [<args>]\n\nThese are common Git commands used in various situations:\n\nstart a working area (see also: git help tutorial)\n   clone     Clone a repository into a new directory\n   init      Create an empty Git repository or reinitialize an existing one\n\nwork on the current change (see also: git help everyday)\n   add       Add file contents to the index\n   mv        Move or rename a file, a directory, or a symlink\n   restore   Restore working tree files\n   rm        Remove files from the working tree and from the index\n\nexamine the history and state (see also: git help revisions)\n   bisect    Use binary search to find the commit that introduced a bug\n   diff      Show changes between commits, commit and working tree, etc\n   grep      Print lines matching a pattern\n   log       Show commit logs\n   show      Show various types of objects\n   status    Show the working tree status\n\ngrow, mark and tweak your common history\n   branch    List, create, or delete branches\n   commit    Record changes to the repository\n   merge     Join two or more development histories together\n   rebase    Reapply commits on top of another base tip\n   reset     Reset current HEAD to the specified state\n   switch    Switch branches\n   tag       Create, list, delete or verify a tag object signed with GPG\n\ncollaborate (see also: git help workflows)\n   fetch     Download objects and refs from another repository\n   pull      Fetch from and integrate with another repository or a local branch\n   push      Update remote refs along with associated objects\n\n'git help -a' and 'git help -g' list available subcommands and some\nconcept guides. See 'git help <command>' or 'git help <concept>'\nto read about a specific subcommand or concept.\nSee 'git help git' for an overview of the system.\n""
[0m23:19:55.257218 [debug] [MainThread]: STDERR: "b''"
[0m23:19:55.257647 [info ] [MainThread]:  - git [[32mOK found[0m]

[0m23:19:55.258179 [info ] [MainThread]: Connection:
[0m23:19:55.258819 [info ] [MainThread]:   host: localhost
[0m23:19:55.259423 [info ] [MainThread]:   port: 5432
[0m23:19:55.259867 [info ] [MainThread]:   user: postgres
[0m23:19:55.260290 [info ] [MainThread]:   database: my_dbt_project
[0m23:19:55.260729 [info ] [MainThread]:   schema: public
[0m23:19:55.261133 [info ] [MainThread]:   connect_timeout: 10
[0m23:19:55.261544 [info ] [MainThread]:   role: None
[0m23:19:55.262171 [info ] [MainThread]:   search_path: None
[0m23:19:55.262851 [info ] [MainThread]:   keepalives_idle: 0
[0m23:19:55.264089 [info ] [MainThread]:   sslmode: None
[0m23:19:55.264654 [info ] [MainThread]:   sslcert: None
[0m23:19:55.265195 [info ] [MainThread]:   sslkey: None
[0m23:19:55.265738 [info ] [MainThread]:   sslrootcert: None
[0m23:19:55.266264 [info ] [MainThread]:   application_name: dbt
[0m23:19:55.266784 [info ] [MainThread]:   retries: 1
[0m23:19:55.267861 [info ] [MainThread]: Registered adapter: postgres=1.8.1
[0m23:19:55.286834 [debug] [MainThread]: Acquiring new postgres connection 'debug'
[0m23:19:55.345009 [debug] [MainThread]: Using postgres connection "debug"
[0m23:19:55.345519 [debug] [MainThread]: On debug: select 1 as id
[0m23:19:55.345899 [debug] [MainThread]: Opening a new connection, currently in state init
[0m23:19:55.392377 [debug] [MainThread]: SQL status: SELECT 1 in 0.0 seconds
[0m23:19:55.393609 [debug] [MainThread]: On debug: Close
[0m23:19:55.394124 [info ] [MainThread]:   Connection test: [[32mOK connection ok[0m]

[0m23:19:55.394878 [info ] [MainThread]: [32mAll checks passed![0m
[0m23:19:55.397038 [debug] [MainThread]: Resource report: {"command_name": "debug", "command_success": true, "command_wall_clock_time": 0.5202713, "process_user_time": 1.749462, "process_kernel_time": 0.253731, "process_mem_max_rss": "97095680", "process_in_blocks": "0", "process_out_blocks": "0"}
[0m23:19:55.397919 [debug] [MainThread]: Command `dbt debug` succeeded at 23:19:55.397777 after 0.52 seconds
[0m23:19:55.398389 [debug] [MainThread]: Connection 'debug' was properly closed.
[0m23:19:55.398838 [debug] [MainThread]: Sending event: {'category': 'dbt', 'action': 'invocation', 'label': 'end', 'context': [<snowplow_tracker.self_describing_json.SelfDescribingJson object at 0x10dc03230>, <snowplow_tracker.self_describing_json.SelfDescribingJson object at 0x10db68aa0>, <snowplow_tracker.self_describing_json.SelfDescribingJson object at 0x10df0b860>]}
[0m23:19:55.399351 [debug] [MainThread]: Flushing usage events
[0m23:20:01.480043 [debug] [MainThread]: Sending event: {'category': 'dbt', 'action': 'invocation', 'label': 'start', 'context': [<snowplow_tracker.self_describing_json.SelfDescribingJson object at 0x10d3d37d0>, <snowplow_tracker.self_describing_json.SelfDescribingJson object at 0x10d1a0d40>, <snowplow_tracker.self_describing_json.SelfDescribingJson object at 0x10e286420>]}


============================== 23:20:01.484543 | f7dc4236-64ed-4880-91f7-2c3a17a53ad4 ==============================
[0m23:20:01.484543 [info ] [MainThread]: Running with dbt=1.8.1
[0m23:20:01.485253 [debug] [MainThread]: running dbt with arguments {'printer_width': '80', 'indirect_selection': 'eager', 'log_cache_events': 'False', 'write_json': 'True', 'partial_parse': 'True', 'cache_selected_only': 'False', 'profiles_dir': '/Users/evanbaisden/.dbt', 'fail_fast': 'False', 'warn_error': 'None', 'log_path': '/Users/evanbaisden/Documents/GitHub/numberone/my_dbt_project/logs', 'debug': 'False', 'version_check': 'True', 'use_colors': 'True', 'use_experimental_parser': 'False', 'no_print': 'None', 'quiet': 'False', 'warn_error_options': 'WarnErrorOptions(include=[], exclude=[])', 'introspect': 'True', 'static_parser': 'True', 'invocation_command': 'dbt list', 'target_path': 'None', 'log_format': 'default', 'send_anonymous_usage_stats': 'True'}
[0m23:20:01.726479 [debug] [MainThread]: Sending event: {'category': 'dbt', 'action': 'project_id', 'label': 'f7dc4236-64ed-4880-91f7-2c3a17a53ad4', 'context': [<snowplow_tracker.self_describing_json.SelfDescribingJson object at 0x10d838a70>]}
[0m23:20:01.791030 [debug] [MainThread]: Sending event: {'category': 'dbt', 'action': 'adapter_info', 'label': 'f7dc4236-64ed-4880-91f7-2c3a17a53ad4', 'context': [<snowplow_tracker.self_describing_json.SelfDescribingJson object at 0x10e32f440>]}
[0m23:20:01.792060 [info ] [MainThread]: Registered adapter: postgres=1.8.1
[0m23:20:01.813701 [debug] [MainThread]: checksum: ebc509fb14e151ea268e89b60fd5abf912ed99129f87516462718fa2f14f4838, vars: {}, profile: , target: , version: 1.8.1
[0m23:20:01.814889 [info ] [MainThread]: Unable to do partial parsing because saved manifest not found. Starting full parse.
[0m23:20:01.815379 [debug] [MainThread]: Sending event: {'category': 'dbt', 'action': 'partial_parser', 'label': 'f7dc4236-64ed-4880-91f7-2c3a17a53ad4', 'context': [<snowplow_tracker.self_describing_json.SelfDescribingJson object at 0x10e731820>]}
[0m23:20:02.983448 [debug] [MainThread]: Sending event: {'category': 'dbt', 'action': 'load_project', 'label': 'f7dc4236-64ed-4880-91f7-2c3a17a53ad4', 'context': [<snowplow_tracker.self_describing_json.SelfDescribingJson object at 0x10e32d760>]}
[0m23:20:03.096329 [debug] [MainThread]: Sending event: {'category': 'dbt', 'action': 'runnable_timing', 'label': 'f7dc4236-64ed-4880-91f7-2c3a17a53ad4', 'context': [<snowplow_tracker.self_describing_json.SelfDescribingJson object at 0x10f037f50>]}
[0m23:20:03.099026 [debug] [MainThread]: Resource report: {"command_name": "list", "command_success": true, "command_wall_clock_time": 1.6874008, "process_user_time": 2.846868, "process_kernel_time": 0.248126, "process_mem_max_rss": "100929536", "process_in_blocks": "0", "process_out_blocks": "0"}
[0m23:20:03.099888 [debug] [MainThread]: Command `dbt list` succeeded at 23:20:03.099731 after 1.69 seconds
[0m23:20:03.100447 [debug] [MainThread]: Sending event: {'category': 'dbt', 'action': 'invocation', 'label': 'end', 'context': [<snowplow_tracker.self_describing_json.SelfDescribingJson object at 0x10e810f80>, <snowplow_tracker.self_describing_json.SelfDescribingJson object at 0x10e787290>, <snowplow_tracker.self_describing_json.SelfDescribingJson object at 0x10e8c01d0>]}
[0m23:20:03.100922 [debug] [MainThread]: Flushing usage events
[0m11:28:03.509450 [debug] [MainThread]: Sending event: {'category': 'dbt', 'action': 'invocation', 'label': 'start', 'context': [<snowplow_tracker.self_describing_json.SelfDescribingJson object at 0x1048f89b0>, <snowplow_tracker.self_describing_json.SelfDescribingJson object at 0x10539e330>, <snowplow_tracker.self_describing_json.SelfDescribingJson object at 0x10539e000>]}


============================== 11:28:03.518543 | e22635fa-4488-4a92-af8b-7e51b82e1277 ==============================
[0m11:28:03.518543 [info ] [MainThread]: Running with dbt=1.8.1
[0m11:28:03.519742 [debug] [MainThread]: running dbt with arguments {'printer_width': '80', 'indirect_selection': 'eager', 'log_cache_events': 'False', 'write_json': 'True', 'partial_parse': 'True', 'cache_selected_only': 'False', 'profiles_dir': '/Users/evanbaisden/.dbt', 'fail_fast': 'False', 'warn_error': 'None', 'log_path': '/Users/evanbaisden/Documents/GitHub/numberone/my_dbt_project/logs', 'version_check': 'True', 'debug': 'False', 'use_colors': 'True', 'use_experimental_parser': 'False', 'no_print': 'None', 'quiet': 'False', 'log_format': 'default', 'static_parser': 'True', 'invocation_command': 'dbt run --select my_first_dbt_model', 'introspect': 'True', 'target_path': 'None', 'warn_error_options': 'WarnErrorOptions(include=[], exclude=[])', 'send_anonymous_usage_stats': 'True'}
[0m11:28:04.327880 [debug] [MainThread]: Sending event: {'category': 'dbt', 'action': 'project_id', 'label': 'e22635fa-4488-4a92-af8b-7e51b82e1277', 'context': [<snowplow_tracker.self_describing_json.SelfDescribingJson object at 0x103ca0a40>]}
[0m11:28:04.393545 [debug] [MainThread]: Sending event: {'category': 'dbt', 'action': 'adapter_info', 'label': 'e22635fa-4488-4a92-af8b-7e51b82e1277', 'context': [<snowplow_tracker.self_describing_json.SelfDescribingJson object at 0x104e3a1b0>]}
[0m11:28:04.397022 [info ] [MainThread]: Registered adapter: postgres=1.8.1
[0m11:28:04.572558 [debug] [MainThread]: checksum: ebc509fb14e151ea268e89b60fd5abf912ed99129f87516462718fa2f14f4838, vars: {}, profile: , target: , version: 1.8.1
[0m11:28:04.771703 [debug] [MainThread]: Partial parsing enabled: 0 files deleted, 0 files added, 0 files changed.
[0m11:28:04.772204 [debug] [MainThread]: Partial parsing enabled, no changes found, skipping parsing
[0m11:28:04.799526 [debug] [MainThread]: Sending event: {'category': 'dbt', 'action': 'load_project', 'label': 'e22635fa-4488-4a92-af8b-7e51b82e1277', 'context': [<snowplow_tracker.self_describing_json.SelfDescribingJson object at 0x1059318e0>]}
[0m11:28:04.918561 [debug] [MainThread]: Sending event: {'category': 'dbt', 'action': 'resource_counts', 'label': 'e22635fa-4488-4a92-af8b-7e51b82e1277', 'context': [<snowplow_tracker.self_describing_json.SelfDescribingJson object at 0x103df5a60>]}
[0m11:28:04.919341 [info ] [MainThread]: Found 1 model, 413 macros
[0m11:28:04.919881 [debug] [MainThread]: Sending event: {'category': 'dbt', 'action': 'runnable_timing', 'label': 'e22635fa-4488-4a92-af8b-7e51b82e1277', 'context': [<snowplow_tracker.self_describing_json.SelfDescribingJson object at 0x1054762d0>]}
[0m11:28:04.920735 [warn ] [MainThread]: The selection criterion 'my_first_dbt_model' does not match any enabled nodes
[0m11:28:04.922330 [info ] [MainThread]: 
[0m11:28:04.922852 [warn ] [MainThread]: Nothing to do. Try checking your model configs and model specification args
[0m11:28:04.925465 [debug] [MainThread]: Command end result
[0m11:28:05.100478 [debug] [MainThread]: Resource report: {"command_name": "run", "command_success": true, "command_wall_clock_time": 1.6852778, "process_user_time": 2.423193, "process_kernel_time": 0.711729, "process_mem_max_rss": "95182848", "process_in_blocks": "0", "process_out_blocks": "0"}
[0m11:28:05.101303 [debug] [MainThread]: Command `dbt run` succeeded at 11:28:05.101174 after 1.69 seconds
[0m11:28:05.101800 [debug] [MainThread]: Sending event: {'category': 'dbt', 'action': 'invocation', 'label': 'end', 'context': [<snowplow_tracker.self_describing_json.SelfDescribingJson object at 0x105236540>, <snowplow_tracker.self_describing_json.SelfDescribingJson object at 0x104a26870>, <snowplow_tracker.self_describing_json.SelfDescribingJson object at 0x104eab770>]}
[0m11:28:05.102301 [debug] [MainThread]: Flushing usage events
[0m13:21:20.845112 [debug] [MainThread]: Sending event: {'category': 'dbt', 'action': 'invocation', 'label': 'start', 'context': [<snowplow_tracker.self_describing_json.SelfDescribingJson object at 0x1063d8800>, <snowplow_tracker.self_describing_json.SelfDescribingJson object at 0x107be2330>, <snowplow_tracker.self_describing_json.SelfDescribingJson object at 0x107be20c0>]}


============================== 13:21:20.853974 | e79bf216-2e47-4b5b-a484-f79b8effe2b9 ==============================
[0m13:21:20.853974 [info ] [MainThread]: Running with dbt=1.8.1
[0m13:21:20.855255 [debug] [MainThread]: running dbt with arguments {'printer_width': '80', 'indirect_selection': 'eager', 'log_cache_events': 'False', 'write_json': 'True', 'partial_parse': 'True', 'cache_selected_only': 'False', 'warn_error': 'None', 'debug': 'False', 'fail_fast': 'False', 'log_path': '/Users/evanbaisden/Documents/GitHub/numberone/my_dbt_project/logs', 'version_check': 'True', 'profiles_dir': '/Users/evanbaisden/.dbt', 'use_colors': 'True', 'use_experimental_parser': 'False', 'no_print': 'None', 'quiet': 'False', 'warn_error_options': 'WarnErrorOptions(include=[], exclude=[])', 'introspect': 'True', 'invocation_command': 'dbt run', 'log_format': 'default', 'target_path': 'None', 'static_parser': 'True', 'send_anonymous_usage_stats': 'True'}
[0m13:21:21.165767 [debug] [MainThread]: Sending event: {'category': 'dbt', 'action': 'project_id', 'label': 'e79bf216-2e47-4b5b-a484-f79b8effe2b9', 'context': [<snowplow_tracker.self_describing_json.SelfDescribingJson object at 0x1080dd6d0>]}
[0m13:21:21.230501 [debug] [MainThread]: Sending event: {'category': 'dbt', 'action': 'adapter_info', 'label': 'e79bf216-2e47-4b5b-a484-f79b8effe2b9', 'context': [<snowplow_tracker.self_describing_json.SelfDescribingJson object at 0x10806b7d0>]}
[0m13:21:21.234429 [info ] [MainThread]: Registered adapter: postgres=1.8.1
[0m13:21:21.261502 [debug] [MainThread]: checksum: ebc509fb14e151ea268e89b60fd5abf912ed99129f87516462718fa2f14f4838, vars: {}, profile: , target: , version: 1.8.1
[0m13:21:21.450639 [debug] [MainThread]: Partial parsing enabled: 0 files deleted, 0 files added, 0 files changed.
[0m13:21:21.451145 [debug] [MainThread]: Partial parsing enabled, no changes found, skipping parsing
[0m13:21:21.478778 [debug] [MainThread]: Sending event: {'category': 'dbt', 'action': 'load_project', 'label': 'e79bf216-2e47-4b5b-a484-f79b8effe2b9', 'context': [<snowplow_tracker.self_describing_json.SelfDescribingJson object at 0x108152000>]}
[0m13:21:21.584742 [debug] [MainThread]: Sending event: {'category': 'dbt', 'action': 'resource_counts', 'label': 'e79bf216-2e47-4b5b-a484-f79b8effe2b9', 'context': [<snowplow_tracker.self_describing_json.SelfDescribingJson object at 0x1081f4cb0>]}
[0m13:21:21.585412 [info ] [MainThread]: Found 1 model, 413 macros
[0m13:21:21.585997 [debug] [MainThread]: Sending event: {'category': 'dbt', 'action': 'runnable_timing', 'label': 'e79bf216-2e47-4b5b-a484-f79b8effe2b9', 'context': [<snowplow_tracker.self_describing_json.SelfDescribingJson object at 0x10825d7c0>]}
[0m13:21:21.588498 [info ] [MainThread]: 
[0m13:21:21.589251 [debug] [MainThread]: Acquiring new postgres connection 'master'
[0m13:21:21.590224 [debug] [ThreadPool]: Acquiring new postgres connection 'list_my_dbt_project'
[0m13:21:21.732268 [debug] [ThreadPool]: Using postgres connection "list_my_dbt_project"
[0m13:21:21.732847 [debug] [ThreadPool]: On list_my_dbt_project: /* {"app": "dbt", "dbt_version": "1.8.1", "profile_name": "default", "target_name": "dev", "connection_name": "list_my_dbt_project"} */

    select distinct nspname from pg_namespace
  
[0m13:21:21.733286 [debug] [ThreadPool]: Opening a new connection, currently in state init
[0m13:21:21.827384 [debug] [ThreadPool]: SQL status: SELECT 4 in 0.0 seconds
[0m13:21:21.829569 [debug] [ThreadPool]: On list_my_dbt_project: Close
[0m13:21:21.831088 [debug] [ThreadPool]: Re-using an available connection from the pool (formerly list_my_dbt_project, now list_my_dbt_project_public)
[0m13:21:21.838378 [debug] [ThreadPool]: Using postgres connection "list_my_dbt_project_public"
[0m13:21:21.838852 [debug] [ThreadPool]: On list_my_dbt_project_public: BEGIN
[0m13:21:21.839207 [debug] [ThreadPool]: Opening a new connection, currently in state closed
[0m13:21:21.861946 [debug] [ThreadPool]: SQL status: BEGIN in 0.0 seconds
[0m13:21:21.862630 [debug] [ThreadPool]: Using postgres connection "list_my_dbt_project_public"
[0m13:21:21.863166 [debug] [ThreadPool]: On list_my_dbt_project_public: /* {"app": "dbt", "dbt_version": "1.8.1", "profile_name": "default", "target_name": "dev", "connection_name": "list_my_dbt_project_public"} */
select
      'my_dbt_project' as database,
      tablename as name,
      schemaname as schema,
      'table' as type
    from pg_tables
    where schemaname ilike 'public'
    union all
    select
      'my_dbt_project' as database,
      viewname as name,
      schemaname as schema,
      'view' as type
    from pg_views
    where schemaname ilike 'public'
    union all
    select
      'my_dbt_project' as database,
      matviewname as name,
      schemaname as schema,
      'materialized_view' as type
    from pg_matviews
    where schemaname ilike 'public'
  
[0m13:21:21.869891 [debug] [ThreadPool]: SQL status: SELECT 0 in 0.0 seconds
[0m13:21:21.871564 [debug] [ThreadPool]: On list_my_dbt_project_public: ROLLBACK
[0m13:21:21.872767 [debug] [ThreadPool]: On list_my_dbt_project_public: Close
[0m13:21:21.877879 [debug] [MainThread]: Using postgres connection "master"
[0m13:21:21.878348 [debug] [MainThread]: On master: BEGIN
[0m13:21:21.878700 [debug] [MainThread]: Opening a new connection, currently in state init
[0m13:21:21.899432 [debug] [MainThread]: SQL status: BEGIN in 0.0 seconds
[0m13:21:21.899893 [debug] [MainThread]: Using postgres connection "master"
[0m13:21:21.900346 [debug] [MainThread]: On master: /* {"app": "dbt", "dbt_version": "1.8.1", "profile_name": "default", "target_name": "dev", "connection_name": "master"} */
with relation as (
        select
            pg_rewrite.ev_class as class,
            pg_rewrite.oid as id
        from pg_rewrite
    ),
    class as (
        select
            oid as id,
            relname as name,
            relnamespace as schema,
            relkind as kind
        from pg_class
    ),
    dependency as (
        select distinct
            pg_depend.objid as id,
            pg_depend.refobjid as ref
        from pg_depend
    ),
    schema as (
        select
            pg_namespace.oid as id,
            pg_namespace.nspname as name
        from pg_namespace
        where nspname != 'information_schema' and nspname not like 'pg\_%'
    ),
    referenced as (
        select
            relation.id AS id,
            referenced_class.name ,
            referenced_class.schema ,
            referenced_class.kind
        from relation
        join class as referenced_class on relation.class=referenced_class.id
        where referenced_class.kind in ('r', 'v', 'm')
    ),
    relationships as (
        select
            referenced.name as referenced_name,
            referenced.schema as referenced_schema_id,
            dependent_class.name as dependent_name,
            dependent_class.schema as dependent_schema_id,
            referenced.kind as kind
        from referenced
        join dependency on referenced.id=dependency.id
        join class as dependent_class on dependency.ref=dependent_class.id
        where
            (referenced.name != dependent_class.name or
             referenced.schema != dependent_class.schema)
    )

    select
        referenced_schema.name as referenced_schema,
        relationships.referenced_name as referenced_name,
        dependent_schema.name as dependent_schema,
        relationships.dependent_name as dependent_name
    from relationships
    join schema as dependent_schema on relationships.dependent_schema_id=dependent_schema.id
    join schema as referenced_schema on relationships.referenced_schema_id=referenced_schema.id
    group by referenced_schema, referenced_name, dependent_schema, dependent_name
    order by referenced_schema, referenced_name, dependent_schema, dependent_name;
[0m13:21:21.911959 [debug] [MainThread]: SQL status: SELECT 0 in 0.0 seconds
[0m13:21:21.913883 [debug] [MainThread]: Sending event: {'category': 'dbt', 'action': 'runnable_timing', 'label': 'e79bf216-2e47-4b5b-a484-f79b8effe2b9', 'context': [<snowplow_tracker.self_describing_json.SelfDescribingJson object at 0x1081f4650>]}
[0m13:21:21.914585 [debug] [MainThread]: On master: ROLLBACK
[0m13:21:21.915315 [debug] [MainThread]: Using postgres connection "master"
[0m13:21:21.915849 [debug] [MainThread]: On master: BEGIN
[0m13:21:21.916654 [debug] [MainThread]: SQL status: BEGIN in 0.0 seconds
[0m13:21:21.917215 [debug] [MainThread]: On master: COMMIT
[0m13:21:21.917741 [debug] [MainThread]: Using postgres connection "master"
[0m13:21:21.918247 [debug] [MainThread]: On master: COMMIT
[0m13:21:21.918804 [debug] [MainThread]: SQL status: COMMIT in 0.0 seconds
[0m13:21:21.919237 [debug] [MainThread]: On master: Close
[0m13:21:21.919842 [info ] [MainThread]: Concurrency: 4 threads (target='dev')
[0m13:21:21.920381 [info ] [MainThread]: 
[0m13:21:21.924118 [debug] [Thread-1 (]: Began running node model.my_dbt_project.my_first_model
[0m13:21:21.924966 [info ] [Thread-1 (]: 1 of 1 START sql view model public.my_first_model .............................. [RUN]
[0m13:21:21.925639 [debug] [Thread-1 (]: Re-using an available connection from the pool (formerly list_my_dbt_project_public, now model.my_dbt_project.my_first_model)
[0m13:21:21.926158 [debug] [Thread-1 (]: Began compiling node model.my_dbt_project.my_first_model
[0m13:21:21.934110 [debug] [Thread-1 (]: Writing injected SQL for node "model.my_dbt_project.my_first_model"
[0m13:21:21.937610 [debug] [Thread-1 (]: Began executing node model.my_dbt_project.my_first_model
[0m13:21:21.986420 [debug] [Thread-1 (]: Writing runtime sql for node "model.my_dbt_project.my_first_model"
[0m13:21:21.988534 [debug] [Thread-1 (]: Using postgres connection "model.my_dbt_project.my_first_model"
[0m13:21:21.989267 [debug] [Thread-1 (]: On model.my_dbt_project.my_first_model: BEGIN
[0m13:21:21.989856 [debug] [Thread-1 (]: Opening a new connection, currently in state closed
[0m13:21:22.015808 [debug] [Thread-1 (]: SQL status: BEGIN in 0.0 seconds
[0m13:21:22.016347 [debug] [Thread-1 (]: Using postgres connection "model.my_dbt_project.my_first_model"
[0m13:21:22.016881 [debug] [Thread-1 (]: On model.my_dbt_project.my_first_model: /* {"app": "dbt", "dbt_version": "1.8.1", "profile_name": "default", "target_name": "dev", "node_id": "model.my_dbt_project.my_first_model"} */

  create view "my_dbt_project"."public"."my_first_model__dbt_tmp"
    
    
  as (
    -- models/example/my_first_model.sql

select 1 as id, 'Hello, dbt!' as message
  );
[0m13:21:22.030791 [debug] [Thread-1 (]: SQL status: CREATE VIEW in 0.0 seconds
[0m13:21:22.040228 [debug] [Thread-1 (]: Using postgres connection "model.my_dbt_project.my_first_model"
[0m13:21:22.040905 [debug] [Thread-1 (]: On model.my_dbt_project.my_first_model: /* {"app": "dbt", "dbt_version": "1.8.1", "profile_name": "default", "target_name": "dev", "node_id": "model.my_dbt_project.my_first_model"} */
alter table "my_dbt_project"."public"."my_first_model__dbt_tmp" rename to "my_first_model"
[0m13:21:22.044083 [debug] [Thread-1 (]: SQL status: ALTER TABLE in 0.0 seconds
[0m13:21:22.064341 [debug] [Thread-1 (]: On model.my_dbt_project.my_first_model: COMMIT
[0m13:21:22.064914 [debug] [Thread-1 (]: Using postgres connection "model.my_dbt_project.my_first_model"
[0m13:21:22.065417 [debug] [Thread-1 (]: On model.my_dbt_project.my_first_model: COMMIT
[0m13:21:22.066740 [debug] [Thread-1 (]: SQL status: COMMIT in 0.0 seconds
[0m13:21:22.075266 [debug] [Thread-1 (]: Applying DROP to: "my_dbt_project"."public"."my_first_model__dbt_backup"
[0m13:21:22.083058 [debug] [Thread-1 (]: Using postgres connection "model.my_dbt_project.my_first_model"
[0m13:21:22.083647 [debug] [Thread-1 (]: On model.my_dbt_project.my_first_model: /* {"app": "dbt", "dbt_version": "1.8.1", "profile_name": "default", "target_name": "dev", "node_id": "model.my_dbt_project.my_first_model"} */
drop view if exists "my_dbt_project"."public"."my_first_model__dbt_backup" cascade
[0m13:21:22.086299 [debug] [Thread-1 (]: SQL status: DROP VIEW in 0.0 seconds
[0m13:21:22.089707 [debug] [Thread-1 (]: On model.my_dbt_project.my_first_model: Close
[0m13:21:22.092205 [debug] [Thread-1 (]: Sending event: {'category': 'dbt', 'action': 'run_model', 'label': 'e79bf216-2e47-4b5b-a484-f79b8effe2b9', 'context': [<snowplow_tracker.self_describing_json.SelfDescribingJson object at 0x107171310>]}
[0m13:21:22.093086 [info ] [Thread-1 (]: 1 of 1 OK created sql view model public.my_first_model ......................... [[32mCREATE VIEW[0m in 0.17s]
[0m13:21:22.094150 [debug] [Thread-1 (]: Finished running node model.my_dbt_project.my_first_model
[0m13:21:22.096043 [debug] [MainThread]: Using postgres connection "master"
[0m13:21:22.096758 [debug] [MainThread]: On master: BEGIN
[0m13:21:22.097359 [debug] [MainThread]: Opening a new connection, currently in state closed
[0m13:21:22.130356 [debug] [MainThread]: SQL status: BEGIN in 0.0 seconds
[0m13:21:22.131007 [debug] [MainThread]: On master: COMMIT
[0m13:21:22.131456 [debug] [MainThread]: Using postgres connection "master"
[0m13:21:22.131891 [debug] [MainThread]: On master: COMMIT
[0m13:21:22.132475 [debug] [MainThread]: SQL status: COMMIT in 0.0 seconds
[0m13:21:22.133065 [debug] [MainThread]: On master: Close
[0m13:21:22.134237 [debug] [MainThread]: Connection 'master' was properly closed.
[0m13:21:22.134739 [debug] [MainThread]: Connection 'model.my_dbt_project.my_first_model' was properly closed.
[0m13:21:22.136038 [info ] [MainThread]: 
[0m13:21:22.137018 [info ] [MainThread]: Finished running 1 view model in 0 hours 0 minutes and 0.55 seconds (0.55s).
[0m13:21:22.138530 [debug] [MainThread]: Command end result
[0m13:21:22.179185 [info ] [MainThread]: 
[0m13:21:22.179977 [info ] [MainThread]: [32mCompleted successfully[0m
[0m13:21:22.180680 [info ] [MainThread]: 
[0m13:21:22.181189 [info ] [MainThread]: Done. PASS=1 WARN=0 ERROR=0 SKIP=0 TOTAL=1
[0m13:21:22.188176 [debug] [MainThread]: Resource report: {"command_name": "run", "command_success": true, "command_wall_clock_time": 1.4362037, "process_user_time": 2.661774, "process_kernel_time": 0.705504, "process_mem_max_rss": "104140800", "process_in_blocks": "0", "process_out_blocks": "0"}
[0m13:21:22.189156 [debug] [MainThread]: Command `dbt run` succeeded at 13:21:22.188986 after 1.44 seconds
[0m13:21:22.189878 [debug] [MainThread]: Sending event: {'category': 'dbt', 'action': 'invocation', 'label': 'end', 'context': [<snowplow_tracker.self_describing_json.SelfDescribingJson object at 0x107a0d6d0>, <snowplow_tracker.self_describing_json.SelfDescribingJson object at 0x108254b30>, <snowplow_tracker.self_describing_json.SelfDescribingJson object at 0x107a7aba0>]}
[0m13:21:22.191806 [debug] [MainThread]: Flushing usage events
[0m13:21:30.110959 [debug] [MainThread]: Sending event: {'category': 'dbt', 'action': 'invocation', 'label': 'start', 'context': [<snowplow_tracker.self_describing_json.SelfDescribingJson object at 0x10e56dc40>, <snowplow_tracker.self_describing_json.SelfDescribingJson object at 0x10e192b70>, <snowplow_tracker.self_describing_json.SelfDescribingJson object at 0x10e686120>]}


============================== 13:21:30.117559 | c9246e8b-f7c2-4d4f-ada1-7e1d1c56812a ==============================
[0m13:21:30.117559 [info ] [MainThread]: Running with dbt=1.8.1
[0m13:21:30.118281 [debug] [MainThread]: running dbt with arguments {'printer_width': '80', 'indirect_selection': 'eager', 'write_json': 'True', 'log_cache_events': 'False', 'partial_parse': 'True', 'cache_selected_only': 'False', 'warn_error': 'None', 'debug': 'False', 'profiles_dir': '/Users/evanbaisden/.dbt', 'log_path': '/Users/evanbaisden/Documents/GitHub/numberone/my_dbt_project/logs', 'version_check': 'True', 'fail_fast': 'False', 'use_colors': 'True', 'use_experimental_parser': 'False', 'no_print': 'None', 'quiet': 'False', 'warn_error_options': 'WarnErrorOptions(include=[], exclude=[])', 'invocation_command': 'dbt run --select models/example/my_first_model.sql', 'log_format': 'default', 'introspect': 'True', 'target_path': 'None', 'static_parser': 'True', 'send_anonymous_usage_stats': 'True'}
[0m13:21:30.368208 [debug] [MainThread]: Sending event: {'category': 'dbt', 'action': 'project_id', 'label': 'c9246e8b-f7c2-4d4f-ada1-7e1d1c56812a', 'context': [<snowplow_tracker.self_describing_json.SelfDescribingJson object at 0x10e0f6540>]}
[0m13:21:30.431313 [debug] [MainThread]: Sending event: {'category': 'dbt', 'action': 'adapter_info', 'label': 'c9246e8b-f7c2-4d4f-ada1-7e1d1c56812a', 'context': [<snowplow_tracker.self_describing_json.SelfDescribingJson object at 0x10e56db20>]}
[0m13:21:30.438136 [info ] [MainThread]: Registered adapter: postgres=1.8.1
[0m13:21:30.461697 [debug] [MainThread]: checksum: ebc509fb14e151ea268e89b60fd5abf912ed99129f87516462718fa2f14f4838, vars: {}, profile: , target: , version: 1.8.1
[0m13:21:30.641167 [debug] [MainThread]: Partial parsing enabled: 0 files deleted, 0 files added, 0 files changed.
[0m13:21:30.641717 [debug] [MainThread]: Partial parsing enabled, no changes found, skipping parsing
[0m13:21:30.668782 [debug] [MainThread]: Sending event: {'category': 'dbt', 'action': 'load_project', 'label': 'c9246e8b-f7c2-4d4f-ada1-7e1d1c56812a', 'context': [<snowplow_tracker.self_describing_json.SelfDescribingJson object at 0x10e6f9160>]}
[0m13:21:30.767294 [debug] [MainThread]: Sending event: {'category': 'dbt', 'action': 'resource_counts', 'label': 'c9246e8b-f7c2-4d4f-ada1-7e1d1c56812a', 'context': [<snowplow_tracker.self_describing_json.SelfDescribingJson object at 0x10ec3cbf0>]}
[0m13:21:30.768078 [info ] [MainThread]: Found 1 model, 413 macros
[0m13:21:30.768740 [debug] [MainThread]: Sending event: {'category': 'dbt', 'action': 'runnable_timing', 'label': 'c9246e8b-f7c2-4d4f-ada1-7e1d1c56812a', 'context': [<snowplow_tracker.self_describing_json.SelfDescribingJson object at 0x10eb867e0>]}
[0m13:21:30.771691 [info ] [MainThread]: 
[0m13:21:30.772471 [debug] [MainThread]: Acquiring new postgres connection 'master'
[0m13:21:30.773564 [debug] [ThreadPool]: Acquiring new postgres connection 'list_my_dbt_project'
[0m13:21:30.848129 [debug] [ThreadPool]: Using postgres connection "list_my_dbt_project"
[0m13:21:30.848724 [debug] [ThreadPool]: On list_my_dbt_project: /* {"app": "dbt", "dbt_version": "1.8.1", "profile_name": "default", "target_name": "dev", "connection_name": "list_my_dbt_project"} */

    select distinct nspname from pg_namespace
  
[0m13:21:30.849169 [debug] [ThreadPool]: Opening a new connection, currently in state init
[0m13:21:30.894529 [debug] [ThreadPool]: SQL status: SELECT 4 in 0.0 seconds
[0m13:21:30.896097 [debug] [ThreadPool]: On list_my_dbt_project: Close
[0m13:21:30.897319 [debug] [ThreadPool]: Re-using an available connection from the pool (formerly list_my_dbt_project, now list_my_dbt_project_public)
[0m13:21:30.903625 [debug] [ThreadPool]: Using postgres connection "list_my_dbt_project_public"
[0m13:21:30.904098 [debug] [ThreadPool]: On list_my_dbt_project_public: BEGIN
[0m13:21:30.904460 [debug] [ThreadPool]: Opening a new connection, currently in state closed
[0m13:21:30.930637 [debug] [ThreadPool]: SQL status: BEGIN in 0.0 seconds
[0m13:21:30.931146 [debug] [ThreadPool]: Using postgres connection "list_my_dbt_project_public"
[0m13:21:30.931565 [debug] [ThreadPool]: On list_my_dbt_project_public: /* {"app": "dbt", "dbt_version": "1.8.1", "profile_name": "default", "target_name": "dev", "connection_name": "list_my_dbt_project_public"} */
select
      'my_dbt_project' as database,
      tablename as name,
      schemaname as schema,
      'table' as type
    from pg_tables
    where schemaname ilike 'public'
    union all
    select
      'my_dbt_project' as database,
      viewname as name,
      schemaname as schema,
      'view' as type
    from pg_views
    where schemaname ilike 'public'
    union all
    select
      'my_dbt_project' as database,
      matviewname as name,
      schemaname as schema,
      'materialized_view' as type
    from pg_matviews
    where schemaname ilike 'public'
  
[0m13:21:30.935830 [debug] [ThreadPool]: SQL status: SELECT 1 in 0.0 seconds
[0m13:21:30.937442 [debug] [ThreadPool]: On list_my_dbt_project_public: ROLLBACK
[0m13:21:30.938043 [debug] [ThreadPool]: On list_my_dbt_project_public: Close
[0m13:21:30.943159 [debug] [MainThread]: Using postgres connection "master"
[0m13:21:30.943658 [debug] [MainThread]: On master: BEGIN
[0m13:21:30.944038 [debug] [MainThread]: Opening a new connection, currently in state init
[0m13:21:30.965865 [debug] [MainThread]: SQL status: BEGIN in 0.0 seconds
[0m13:21:30.966352 [debug] [MainThread]: Using postgres connection "master"
[0m13:21:30.966828 [debug] [MainThread]: On master: /* {"app": "dbt", "dbt_version": "1.8.1", "profile_name": "default", "target_name": "dev", "connection_name": "master"} */
with relation as (
        select
            pg_rewrite.ev_class as class,
            pg_rewrite.oid as id
        from pg_rewrite
    ),
    class as (
        select
            oid as id,
            relname as name,
            relnamespace as schema,
            relkind as kind
        from pg_class
    ),
    dependency as (
        select distinct
            pg_depend.objid as id,
            pg_depend.refobjid as ref
        from pg_depend
    ),
    schema as (
        select
            pg_namespace.oid as id,
            pg_namespace.nspname as name
        from pg_namespace
        where nspname != 'information_schema' and nspname not like 'pg\_%'
    ),
    referenced as (
        select
            relation.id AS id,
            referenced_class.name ,
            referenced_class.schema ,
            referenced_class.kind
        from relation
        join class as referenced_class on relation.class=referenced_class.id
        where referenced_class.kind in ('r', 'v', 'm')
    ),
    relationships as (
        select
            referenced.name as referenced_name,
            referenced.schema as referenced_schema_id,
            dependent_class.name as dependent_name,
            dependent_class.schema as dependent_schema_id,
            referenced.kind as kind
        from referenced
        join dependency on referenced.id=dependency.id
        join class as dependent_class on dependency.ref=dependent_class.id
        where
            (referenced.name != dependent_class.name or
             referenced.schema != dependent_class.schema)
    )

    select
        referenced_schema.name as referenced_schema,
        relationships.referenced_name as referenced_name,
        dependent_schema.name as dependent_schema,
        relationships.dependent_name as dependent_name
    from relationships
    join schema as dependent_schema on relationships.dependent_schema_id=dependent_schema.id
    join schema as referenced_schema on relationships.referenced_schema_id=referenced_schema.id
    group by referenced_schema, referenced_name, dependent_schema, dependent_name
    order by referenced_schema, referenced_name, dependent_schema, dependent_name;
[0m13:21:30.972324 [debug] [MainThread]: SQL status: SELECT 0 in 0.0 seconds
[0m13:21:30.973794 [debug] [MainThread]: Sending event: {'category': 'dbt', 'action': 'runnable_timing', 'label': 'c9246e8b-f7c2-4d4f-ada1-7e1d1c56812a', 'context': [<snowplow_tracker.self_describing_json.SelfDescribingJson object at 0x10eb9d700>]}
[0m13:21:30.974383 [debug] [MainThread]: On master: ROLLBACK
[0m13:21:30.975031 [debug] [MainThread]: Using postgres connection "master"
[0m13:21:30.975450 [debug] [MainThread]: On master: BEGIN
[0m13:21:30.976131 [debug] [MainThread]: SQL status: BEGIN in 0.0 seconds
[0m13:21:30.976593 [debug] [MainThread]: On master: COMMIT
[0m13:21:30.976982 [debug] [MainThread]: Using postgres connection "master"
[0m13:21:30.977354 [debug] [MainThread]: On master: COMMIT
[0m13:21:30.977987 [debug] [MainThread]: SQL status: COMMIT in 0.0 seconds
[0m13:21:30.978420 [debug] [MainThread]: On master: Close
[0m13:21:30.979059 [info ] [MainThread]: Concurrency: 4 threads (target='dev')
[0m13:21:30.979660 [info ] [MainThread]: 
[0m13:21:30.982798 [debug] [Thread-1 (]: Began running node model.my_dbt_project.my_first_model
[0m13:21:30.983596 [info ] [Thread-1 (]: 1 of 1 START sql view model public.my_first_model .............................. [RUN]
[0m13:21:30.984295 [debug] [Thread-1 (]: Re-using an available connection from the pool (formerly list_my_dbt_project_public, now model.my_dbt_project.my_first_model)
[0m13:21:30.984774 [debug] [Thread-1 (]: Began compiling node model.my_dbt_project.my_first_model
[0m13:21:30.992882 [debug] [Thread-1 (]: Writing injected SQL for node "model.my_dbt_project.my_first_model"
[0m13:21:30.994697 [debug] [Thread-1 (]: Began executing node model.my_dbt_project.my_first_model
[0m13:21:31.046728 [debug] [Thread-1 (]: Writing runtime sql for node "model.my_dbt_project.my_first_model"
[0m13:21:31.047740 [debug] [Thread-1 (]: Using postgres connection "model.my_dbt_project.my_first_model"
[0m13:21:31.048208 [debug] [Thread-1 (]: On model.my_dbt_project.my_first_model: BEGIN
[0m13:21:31.048617 [debug] [Thread-1 (]: Opening a new connection, currently in state closed
[0m13:21:31.069960 [debug] [Thread-1 (]: SQL status: BEGIN in 0.0 seconds
[0m13:21:31.070502 [debug] [Thread-1 (]: Using postgres connection "model.my_dbt_project.my_first_model"
[0m13:21:31.070957 [debug] [Thread-1 (]: On model.my_dbt_project.my_first_model: /* {"app": "dbt", "dbt_version": "1.8.1", "profile_name": "default", "target_name": "dev", "node_id": "model.my_dbt_project.my_first_model"} */

  create view "my_dbt_project"."public"."my_first_model__dbt_tmp"
    
    
  as (
    -- models/example/my_first_model.sql

select 1 as id, 'Hello, dbt!' as message
  );
[0m13:21:31.073628 [debug] [Thread-1 (]: SQL status: CREATE VIEW in 0.0 seconds
[0m13:21:31.081185 [debug] [Thread-1 (]: Using postgres connection "model.my_dbt_project.my_first_model"
[0m13:21:31.081772 [debug] [Thread-1 (]: On model.my_dbt_project.my_first_model: /* {"app": "dbt", "dbt_version": "1.8.1", "profile_name": "default", "target_name": "dev", "node_id": "model.my_dbt_project.my_first_model"} */
alter table "my_dbt_project"."public"."my_first_model" rename to "my_first_model__dbt_backup"
[0m13:21:31.082718 [debug] [Thread-1 (]: SQL status: ALTER TABLE in 0.0 seconds
[0m13:21:31.087433 [debug] [Thread-1 (]: Using postgres connection "model.my_dbt_project.my_first_model"
[0m13:21:31.088038 [debug] [Thread-1 (]: On model.my_dbt_project.my_first_model: /* {"app": "dbt", "dbt_version": "1.8.1", "profile_name": "default", "target_name": "dev", "node_id": "model.my_dbt_project.my_first_model"} */
alter table "my_dbt_project"."public"."my_first_model__dbt_tmp" rename to "my_first_model"
[0m13:21:31.088893 [debug] [Thread-1 (]: SQL status: ALTER TABLE in 0.0 seconds
[0m13:21:31.112323 [debug] [Thread-1 (]: On model.my_dbt_project.my_first_model: COMMIT
[0m13:21:31.112867 [debug] [Thread-1 (]: Using postgres connection "model.my_dbt_project.my_first_model"
[0m13:21:31.113294 [debug] [Thread-1 (]: On model.my_dbt_project.my_first_model: COMMIT
[0m13:21:31.114675 [debug] [Thread-1 (]: SQL status: COMMIT in 0.0 seconds
[0m13:21:31.121993 [debug] [Thread-1 (]: Applying DROP to: "my_dbt_project"."public"."my_first_model__dbt_backup"
[0m13:21:31.128174 [debug] [Thread-1 (]: Using postgres connection "model.my_dbt_project.my_first_model"
[0m13:21:31.128709 [debug] [Thread-1 (]: On model.my_dbt_project.my_first_model: /* {"app": "dbt", "dbt_version": "1.8.1", "profile_name": "default", "target_name": "dev", "node_id": "model.my_dbt_project.my_first_model"} */
drop view if exists "my_dbt_project"."public"."my_first_model__dbt_backup" cascade
[0m13:21:31.135180 [debug] [Thread-1 (]: SQL status: DROP VIEW in 0.0 seconds
[0m13:21:31.138157 [debug] [Thread-1 (]: On model.my_dbt_project.my_first_model: Close
[0m13:21:31.140073 [debug] [Thread-1 (]: Sending event: {'category': 'dbt', 'action': 'run_model', 'label': 'c9246e8b-f7c2-4d4f-ada1-7e1d1c56812a', 'context': [<snowplow_tracker.self_describing_json.SelfDescribingJson object at 0x10dc394f0>]}
[0m13:21:31.141081 [info ] [Thread-1 (]: 1 of 1 OK created sql view model public.my_first_model ......................... [[32mCREATE VIEW[0m in 0.15s]
[0m13:21:31.142011 [debug] [Thread-1 (]: Finished running node model.my_dbt_project.my_first_model
[0m13:21:31.143387 [debug] [MainThread]: Using postgres connection "master"
[0m13:21:31.143792 [debug] [MainThread]: On master: BEGIN
[0m13:21:31.144150 [debug] [MainThread]: Opening a new connection, currently in state closed
[0m13:21:31.169200 [debug] [MainThread]: SQL status: BEGIN in 0.0 seconds
[0m13:21:31.169884 [debug] [MainThread]: On master: COMMIT
[0m13:21:31.170691 [debug] [MainThread]: Using postgres connection "master"
[0m13:21:31.171247 [debug] [MainThread]: On master: COMMIT
[0m13:21:31.171859 [debug] [MainThread]: SQL status: COMMIT in 0.0 seconds
[0m13:21:31.172505 [debug] [MainThread]: On master: Close
[0m13:21:31.173294 [debug] [MainThread]: Connection 'master' was properly closed.
[0m13:21:31.173693 [debug] [MainThread]: Connection 'model.my_dbt_project.my_first_model' was properly closed.
[0m13:21:31.175030 [info ] [MainThread]: 
[0m13:21:31.176103 [info ] [MainThread]: Finished running 1 view model in 0 hours 0 minutes and 0.40 seconds (0.40s).
[0m13:21:31.177239 [debug] [MainThread]: Command end result
[0m13:21:31.209251 [info ] [MainThread]: 
[0m13:21:31.210030 [info ] [MainThread]: [32mCompleted successfully[0m
[0m13:21:31.210684 [info ] [MainThread]: 
[0m13:21:31.211408 [info ] [MainThread]: Done. PASS=1 WARN=0 ERROR=0 SKIP=0 TOTAL=1
[0m13:21:31.213821 [debug] [MainThread]: Resource report: {"command_name": "run", "command_success": true, "command_wall_clock_time": 1.1808218, "process_user_time": 2.583136, "process_kernel_time": 0.493331, "process_mem_max_rss": "104005632", "process_in_blocks": "0", "process_out_blocks": "0"}
[0m13:21:31.214597 [debug] [MainThread]: Command `dbt run` succeeded at 13:21:31.214460 after 1.18 seconds
[0m13:21:31.215118 [debug] [MainThread]: Sending event: {'category': 'dbt', 'action': 'invocation', 'label': 'end', 'context': [<snowplow_tracker.self_describing_json.SelfDescribingJson object at 0x10e4bb380>, <snowplow_tracker.self_describing_json.SelfDescribingJson object at 0x10e1200b0>, <snowplow_tracker.self_describing_json.SelfDescribingJson object at 0x10eb2dd30>]}
[0m13:21:31.215579 [debug] [MainThread]: Flushing usage events
